\BOOKMARK [0][-]{chapter.0}{Grundbegriffe}{}% 1
\BOOKMARK [1][-]{section.0.1}{Aussagen}{chapter.0}% 2
\BOOKMARK [1][-]{section.0.2}{Mengen}{chapter.0}% 3
\BOOKMARK [0][-]{chapter.1}{Der Raum R2}{}% 4
\BOOKMARK [1][-]{section.1.1}{Cramersche Regel}{chapter.1}% 5
\BOOKMARK [1][-]{section.1.2}{Geraden}{chapter.1}% 6
\BOOKMARK [1][-]{section.1.3}{Lineare Abbildungen}{chapter.1}% 7
\BOOKMARK [1][-]{section.1.4}{Inverse Matrix, Basiswechsel}{chapter.1}% 8
\BOOKMARK [1][-]{section.1.5}{Satz von Pythagoras, L\344nge und Skalarprodukt}{chapter.1}% 9
\BOOKMARK [1][-]{section.1.6}{Bewegungen}{chapter.1}% 10
\BOOKMARK [1][-]{section.1.7}{Isometrie}{chapter.1}% 11
\BOOKMARK [1][-]{section.1.8}{Trigonometrische Funktionen}{chapter.1}% 12
\BOOKMARK [1][-]{section.1.9}{Abst\344nde}{chapter.1}% 13
\BOOKMARK [1][-]{section.1.10}{Euler-Gerade und Feuerbach-Kreis}{chapter.1}% 14
\BOOKMARK [0][-]{chapter.2}{Der Raum R3}{}% 15
\BOOKMARK [1][-]{section.2.1}{Satz \(Parallelogrammgesetz\)}{chapter.2}% 16
\BOOKMARK [1][-]{section.2.2}{Geraden und Ebenen}{chapter.2}% 17
\BOOKMARK [0][-]{chapter.3}{K\366rper}{}% 18
\BOOKMARK [1][-]{section.3.1}{Aus der normalen Vorlesung}{chapter.3}% 19
\BOOKMARK [1][-]{section.3.2}{Sondervorlesung Komplexe Zahlen}{chapter.3}% 20
\BOOKMARK [0][-]{chapter.4}{Vektorr\344ume}{}% 21
\BOOKMARK [1][-]{section.4.1}{Vektorr\344ume}{chapter.4}% 22
\BOOKMARK [1][-]{section.4.2}{Basen}{chapter.4}% 23
\BOOKMARK [1][-]{section.4.3}{Basiss\344tze und Steinitz'scher Austauschsatz}{chapter.4}% 24
