This is pdfTeX, Version 3.1415926-2.4-1.40.13 (TeX Live 2012/Debian) (format=pdflatex 2013.2.25)  6 MAR 2013 22:57
entering extended mode
 restricted \write18 enabled.
 %&-line parsing enabled.
**lag.tex
(./lag.tex
LaTeX2e <2011/06/27>
Babel <v3.8m> and hyphenation patterns for english, dumylang, nohyphenation, et
hiopic, farsi, arabic, pinyin, croatian, bulgarian, ukrainian, russian, slovak,
 czech, danish, dutch, usenglishmax, ukenglish, finnish, french, basque, ngerma
n, german, swissgerman, ngerman-x-2012-05-30, german-x-2012-05-30, monogreek, g
reek, ibycus, ancientgreek, hungarian, bengali, tamil, hindi, telugu, gujarati,
 sanskrit, malayalam, kannada, assamese, marathi, oriya, panjabi, italian, lati
n, latvian, lithuanian, mongolian, mongolianlmc, nynorsk, bokmal, indonesian, e
speranto, coptic, welsh, irish, interlingua, serbian, serbianc, slovenian, friu
lan, romansh, estonian, romanian, armenian, uppersorbian, turkish, afrikaans, i
celandic, kurmanji, polish, portuguese, galician, catalan, spanish, swedish, th
ai, loaded.
(/usr/share/texlive/texmf-dist/tex/latex/koma-script/scrbook.cls
Document Class: scrbook 2012/05/15 v3.11 KOMA-Script document class (book)
(/usr/share/texlive/texmf-dist/tex/latex/koma-script/scrkbase.sty
Package: scrkbase 2012/05/15 v3.11 KOMA-Script package (KOMA-Script-dependent b
asics and keyval usage)

(/usr/share/texlive/texmf-dist/tex/latex/koma-script/scrbase.sty
Package: scrbase 2012/05/15 v3.11 KOMA-Script package (KOMA-Script-independent 
basics and keyval usage)

(/usr/share/texlive/texmf-dist/tex/latex/graphics/keyval.sty
Package: keyval 1999/03/16 v1.13 key=value parser (DPC)
\KV@toks@=\toks14
)
(/usr/share/texlive/texmf-dist/tex/latex/koma-script/scrlfile.sty
Package: scrlfile 2011/03/09 v3.09 KOMA-Script package (loading files)

Package scrlfile, 2011/03/09 v3.09 KOMA-Script package (loading files)
                  Copyright (C) Markus Kohm

))) (/usr/share/texlive/texmf-dist/tex/latex/koma-script/tocbasic.sty
Package: tocbasic 2012/04/04 v3.10b KOMA-Script package (handling toc-files)
)
Package tocbasic Info: omitting babel extension for `toc'
(tocbasic)             because of feature `nobabel' available
(tocbasic)             for `toc' on input line 117.
Package tocbasic Info: omitting babel extension for `lof'
(tocbasic)             because of feature `nobabel' available
(tocbasic)             for `lof' on input line 118.
Package tocbasic Info: omitting babel extension for `lot'
(tocbasic)             because of feature `nobabel' available
(tocbasic)             for `lot' on input line 119.
Package scrbook Info: You've used obsolete option `10pt'.
(scrbook)             \KOMAExecuteOptions{fontsize=10pt} will be
(scrbook)             used instead.
(scrbook)             You may simply replace `10pt'
(scrbook)             by `fontsize=10pt'.
Class scrbook Info: File `scrsize10pt.clo' used to setup font sizes on input li
ne 1366.

(/usr/share/texlive/texmf-dist/tex/latex/koma-script/scrsize10pt.clo
File: scrsize10pt.clo 2012/05/15 v3.11 KOMA-Script font size class option (10pt
)
)
(/usr/share/texlive/texmf-dist/tex/latex/koma-script/typearea.sty
Package: typearea 2012/05/15 v3.11 KOMA-Script package (type area)

Package typearea, 2012/05/15 v3.11 KOMA-Script package (type area)
                  Copyright (C) Frank Neukam, 1992-1994
                  Copyright (C) Markus Kohm, 1994-

\ta@bcor=\skip41
\ta@div=\count79
Package typearea Info: You've used standard option `a4paper'.
(typearea)             This is correct!
(typearea)             Internally I'm using `paper=a4'.
(typearea)             If you'd like to set the option with \KOMAoptions,
(typearea)             you'd have to use `paper=a4' there
(typearea)             instead of `a4paper', too.
\ta@hblk=\skip42
\ta@vblk=\skip43
\ta@temp=\skip44
Package typearea Info: These are the values describing the layout:
(typearea)             DIV  = 8
(typearea)             BCOR = 0.0pt
(typearea)             \paperwidth      = 597.50793pt
(typearea)              \textwidth      = 373.44246pt
(typearea)              DIV departure   = -4%
(typearea)              \evensidemargin = 77.107pt
(typearea)              \oddsidemargin  = 2.4185pt
(typearea)             \paperheight     = 845.04694pt
(typearea)              \textheight     = 538.0pt
(typearea)              \topmargin      = 0.36087pt
(typearea)              \headheight     = 15.0pt
(typearea)              \headsep        = 18.0pt
(typearea)              \topskip        = 10.0pt
(typearea)              \footskip       = 42.0pt
(typearea)              \baselineskip   = 12.0pt
(typearea)              on input line 1211.
)
\c@part=\count80
\c@chapter=\count81
\c@section=\count82
\c@subsection=\count83
\c@subsubsection=\count84
\c@paragraph=\count85
\c@subparagraph=\count86
\abovecaptionskip=\skip45
\belowcaptionskip=\skip46
\c@pti@nb@sid@b@x=\box26
\c@figure=\count87
\c@table=\count88
\bibindent=\dimen102
) (/usr/share/texlive/texmf-dist/tex/latex/etex-pkg/etex.sty
Package: etex 1998/03/26 v2.0 eTeX basic definition package (PEB)
\et@xins=\count89
)
(/usr/share/texlive/texmf-dist/tex/latex/base/fontenc.sty
Package: fontenc 2005/09/27 v1.99g Standard LaTeX package

(/usr/share/texlive/texmf-dist/tex/latex/base/t1enc.def
File: t1enc.def 2005/09/27 v1.99g Standard LaTeX file
LaTeX Font Info:    Redeclaring font encoding T1 on input line 43.
))
(/usr/share/texlive/texmf-dist/tex/latex/base/inputenc.sty
Package: inputenc 2008/03/30 v1.1d Input encoding file
\inpenc@prehook=\toks15
\inpenc@posthook=\toks16

(/usr/share/texlive/texmf-dist/tex/latex/ucs/utf8x.def
File: utf8x.def 2004/10/17 UCS: Input encoding UTF-8
))
(/usr/share/texlive/texmf-dist/tex/latex/ucs/ucs.sty
Package: ucs 2004/10/17 UCS: Unicode input support

(/usr/share/texlive/texmf-dist/tex/latex/ucs/data/uni-global.def
File: uni-global.def 2012/04/20 UCS: Unicode global data
)
\uc@secondtry=\count90
\uc@combtoks=\toks17
\uc@combtoksb=\toks18
\uc@temptokena=\toks19
)
(/var/lib/texmf/tex/generic/babel/babel.sty
Package: babel 2008/07/08 v3.8m The Babel package

(/usr/share/texlive/texmf-dist/tex/generic/babel/ngermanb.ldf
Language: ngermanb 2008/07/06 v2.6n new German support from the babel system

(/usr/share/texlive/texmf-dist/tex/generic/babel/babel.def
File: babel.def 2008/07/08 v3.8m Babel common definitions
\babel@savecnt=\count91
\U@D=\dimen103
)
\l@naustrian = a dialect from \language\l@ngerman 
Package babel Info: Making " an active character on input line 92.
))
(/usr/share/texlive/texmf-dist/tex/latex/graphics/color.sty
Package: color 2005/11/14 v1.0j Standard LaTeX Color (DPC)

(/usr/share/texlive/texmf-dist/tex/latex/latexconfig/color.cfg
File: color.cfg 2007/01/18 v1.5 color configuration of teTeX/TeXLive
)
Package color Info: Driver file: pdftex.def on input line 130.

(/usr/share/texlive/texmf-dist/tex/latex/pdftex-def/pdftex.def
File: pdftex.def 2011/05/27 v0.06d Graphics/color for pdfTeX

(/usr/share/texlive/texmf-dist/tex/generic/oberdiek/infwarerr.sty
Package: infwarerr 2010/04/08 v1.3 Providing info/warning/error messages (HO)
)
(/usr/share/texlive/texmf-dist/tex/generic/oberdiek/ltxcmds.sty
Package: ltxcmds 2011/11/09 v1.22 LaTeX kernel commands for general use (HO)
)
\Gread@gobject=\count92
))
(/usr/share/texlive/texmf-dist/tex/latex/tools/multicol.sty
Package: multicol 2011/06/27 v1.7a multicolumn formatting (FMi)
\c@tracingmulticols=\count93
\mult@box=\box27
\multicol@leftmargin=\dimen104
\c@unbalance=\count94
\c@collectmore=\count95
\doublecol@number=\count96
\multicoltolerance=\count97
\multicolpretolerance=\count98
\full@width=\dimen105
\page@free=\dimen106
\premulticols=\dimen107
\postmulticols=\dimen108
\multicolsep=\skip47
\multicolbaselineskip=\skip48
\partial@page=\box28
\last@line=\box29
\mult@rightbox=\box30
\mult@grightbox=\box31
\mult@gfirstbox=\box32
\mult@firstbox=\box33
\@tempa=\box34
\@tempa=\box35
\@tempa=\box36
\@tempa=\box37
\@tempa=\box38
\@tempa=\box39
\@tempa=\box40
\@tempa=\box41
\@tempa=\box42
\@tempa=\box43
\@tempa=\box44
\@tempa=\box45
\@tempa=\box46
\@tempa=\box47
\@tempa=\box48
\@tempa=\box49
\@tempa=\box50
\c@columnbadness=\count99
\c@finalcolumnbadness=\count100
\last@try=\dimen109
\multicolovershoot=\dimen110
\multicolundershoot=\dimen111
\mult@nat@firstbox=\box51
\colbreak@box=\box52
\multicol@sort@counter=\count101
)
(/usr/share/texlive/texmf-dist/tex/latex/graphics/graphicx.sty
Package: graphicx 1999/02/16 v1.0f Enhanced LaTeX Graphics (DPC,SPQR)

(/usr/share/texlive/texmf-dist/tex/latex/graphics/graphics.sty
Package: graphics 2009/02/05 v1.0o Standard LaTeX Graphics (DPC,SPQR)

(/usr/share/texlive/texmf-dist/tex/latex/graphics/trig.sty
Package: trig 1999/03/16 v1.09 sin cos tan (DPC)
)
(/usr/share/texlive/texmf-dist/tex/latex/latexconfig/graphics.cfg
File: graphics.cfg 2010/04/23 v1.9 graphics configuration of TeX Live
)
Package graphics Info: Driver file: pdftex.def on input line 91.
)
\Gin@req@height=\dimen112
\Gin@req@width=\dimen113
)
(/usr/share/texlive/texmf-dist/tex/latex/amsfonts/amssymb.sty
Package: amssymb 2009/06/22 v3.00

(/usr/share/texlive/texmf-dist/tex/latex/amsfonts/amsfonts.sty
Package: amsfonts 2009/06/22 v3.00 Basic AMSFonts support
\@emptytoks=\toks20
\symAMSa=\mathgroup4
\symAMSb=\mathgroup5
LaTeX Font Info:    Overwriting math alphabet `\mathfrak' in version `bold'
(Font)                  U/euf/m/n --> U/euf/b/n on input line 96.
))
(/usr/share/texlive/texmf-dist/tex/latex/amsmath/amsmath.sty
Package: amsmath 2000/07/18 v2.13 AMS math features
\@mathmargin=\skip49

For additional information on amsmath, use the `?' option.
(/usr/share/texlive/texmf-dist/tex/latex/amsmath/amstext.sty
Package: amstext 2000/06/29 v2.01

(/usr/share/texlive/texmf-dist/tex/latex/amsmath/amsgen.sty
File: amsgen.sty 1999/11/30 v2.0
\@emptytoks=\toks21
\ex@=\dimen114
))
(/usr/share/texlive/texmf-dist/tex/latex/amsmath/amsbsy.sty
Package: amsbsy 1999/11/29 v1.2d
\pmbraise@=\dimen115
)
(/usr/share/texlive/texmf-dist/tex/latex/amsmath/amsopn.sty
Package: amsopn 1999/12/14 v2.01 operator names
)
\inf@bad=\count102
LaTeX Info: Redefining \frac on input line 211.
\uproot@=\count103
\leftroot@=\count104
LaTeX Info: Redefining \overline on input line 307.
\classnum@=\count105
\DOTSCASE@=\count106
LaTeX Info: Redefining \ldots on input line 379.
LaTeX Info: Redefining \dots on input line 382.
LaTeX Info: Redefining \cdots on input line 467.
\Mathstrutbox@=\box53
\strutbox@=\box54
\big@size=\dimen116
LaTeX Font Info:    Redeclaring font encoding OML on input line 567.
LaTeX Font Info:    Redeclaring font encoding OMS on input line 568.
\macc@depth=\count107
\c@MaxMatrixCols=\count108
\dotsspace@=\muskip10
\c@parentequation=\count109
\dspbrk@lvl=\count110
\tag@help=\toks22
\row@=\count111
\column@=\count112
\maxfields@=\count113
\andhelp@=\toks23
\eqnshift@=\dimen117
\alignsep@=\dimen118
\tagshift@=\dimen119
\tagwidth@=\dimen120
\totwidth@=\dimen121
\lineht@=\dimen122
\@envbody=\toks24
\multlinegap=\skip50
\multlinetaggap=\skip51
\mathdisplay@stack=\toks25
LaTeX Info: Redefining \[ on input line 2666.
LaTeX Info: Redefining \] on input line 2667.
)
(/usr/share/texlive/texmf-dist/tex/latex/float/float.sty
Package: float 2001/11/08 v1.3d Float enhancements (AL)
\c@float@type=\count114
\float@exts=\toks26
\float@box=\box55
\@float@everytoks=\toks27
\@floatcapt=\box56
)
(/usr/share/texlive/texmf-dist/tex/latex/base/latexsym.sty
Package: latexsym 1998/08/17 v2.2e Standard LaTeX package (lasy symbols)
\symlasy=\mathgroup6
LaTeX Font Info:    Overwriting symbol font `lasy' in version `bold'
(Font)                  U/lasy/m/n --> U/lasy/b/n on input line 47.
)
(/usr/share/texlive/texmf-dist/tex/latex/enumitem/enumitem.sty
Package: enumitem 2011/09/28 v3.5.2 Customized lists
\labelindent=\skip52
\enit@outerparindent=\dimen123
\enit@toks=\toks28
\enit@inbox=\box57
\enitdp@description=\count115
)
(/usr/share/texlive/texmf-dist/tex/latex/pstricks/pstricks.sty
Package: pstricks 2011/10/31 v0.52 LaTeX wrapper for `PSTricks' (RN,HV)

(/usr/share/texlive/texmf-dist/tex/generic/pstricks/pstricks.tex
(/usr/share/texlive/texmf-dist/tex/generic/xkeyval/pst-xkey.tex
File: pst-xkey.tex 2005/11/25 v1.6 PSTricks specialization of xkeyval (HA)

(/usr/share/texlive/texmf-dist/tex/latex/xkeyval/xkeyval.sty
Package: xkeyval 2008/08/13 v2.6a package option processing (HA)

(/usr/share/texlive/texmf-dist/tex/generic/xkeyval/xkeyval.tex
\XKV@toks=\toks29
\XKV@tempa@toks=\toks30
\XKV@depth=\count116
File: xkeyval.tex 2008/08/13 v2.6a key=value parser (HA)
)))
(/usr/share/texlive/texmf-dist/tex/generic/pstricks/pst-fp.tex
`pst-fp' v0.05, 2010/01/17 (hv)
\pstFP@xs=\count117
\pstFP@xia=\count118
\pstFP@xib=\count119
\pstFP@xfa=\count120
\pstFP@xfb=\count121
\pstFP@rega=\count122
\pstFP@regb=\count123
\pstFP@regs=\count124
\pstFP@times=\count125
)
\psLoopIndex=\count126

`PSTricks' v2.29  <2012/06/04> (tvz)
\pst@dima=\dimen124
\pst@dimb=\dimen125
\pst@dimc=\dimen126
\pst@dimd=\dimen127
\pst@dimg=\dimen128
\pst@dimh=\dimen129
\pst@dimm=\dimen130
\pst@dimn=\dimen131
\pst@dimo=\dimen132
\pst@dimp=\dimen133
\pst@hbox=\box58
\pst@ibox=\box59
\pst@boxg=\box60
\pst@cnta=\count127
\pst@cntb=\count128
\pst@cntc=\count129
\pst@cntd=\count130
\pst@cntg=\count131
\pst@cnth=\count132
\pst@cntm=\count133
\pst@cntn=\count134
\pst@cnto=\count135
\pst@cntp=\count136
\@zero=\count137
\pst@toks=\toks31
(/usr/share/texlive/texmf-dist/tex/generic/pstricks/pstricks.con)
\psunit=\dimen134
\psxunit=\dimen135
\psyunit=\dimen136
\pst@C@@rType=\count138
\pslinewidth=\dimen137
\psk@startLW=\dimen138
\psk@endLW=\dimen139
\pst@customdefs=\toks32
\pslinearc=\dimen140
\pst@symbolStep=\dimen141
\pst@symbolWidth=\dimen142
\pst@symbolLinewidth=\dimen143
\everypsbox=\toks33
\psframesep=\dimen144
\pslabelsep=\dimen145
\pst@shift=\dimen146
\theoverlaybox=\box61
)
File: pstricks.tex 2012/06/04 v2.29 `PSTricks' (tvz,hv)

(/usr/share/texlive/texmf-dist/tex/generic/pstricks/pst-fp.tex)
File: pst-fp.tex 2012/06/04 v2.29 `PST-fp' (hv)

(/usr/share/texmf/tex/latex/xcolor/xcolor.sty
Package: xcolor 2007/01/21 v2.11 LaTeX color extensions (UK)

(/usr/share/texlive/texmf-dist/tex/latex/latexconfig/color.cfg
File: color.cfg 2007/01/18 v1.5 color configuration of teTeX/TeXLive
)
Package xcolor Info: Driver file: pdftex.def on input line 225.
LaTeX Info: Redefining \color on input line 702.
Package xcolor Info: Model `cmy' substituted by `cmy0' on input line 1337.
Package xcolor Info: Model `hsb' substituted by `rgb' on input line 1341.
Package xcolor Info: Model `RGB' extended on input line 1353.
Package xcolor Info: Model `HTML' substituted by `rgb' on input line 1355.
Package xcolor Info: Model `Hsb' substituted by `hsb' on input line 1356.
Package xcolor Info: Model `tHsb' substituted by `hsb' on input line 1357.
Package xcolor Info: Model `HSB' substituted by `hsb' on input line 1358.
Package xcolor Info: Model `Gray' substituted by `gray' on input line 1359.
Package xcolor Info: Model `wave' substituted by `hsb' on input line 1360.
))
(/usr/share/texlive/texmf-dist/tex/latex/stmaryrd/stmaryrd.sty
Package: stmaryrd 1994/03/03 St Mary's Road symbol package
\symstmry=\mathgroup7
LaTeX Font Info:    Overwriting symbol font `stmry' in version `bold'
(Font)                  U/stmry/m/n --> U/stmry/b/n on input line 89.
)
(/usr/share/texlive/texmf-dist/tex/latex/mnsymbol/MnSymbol.sty
Package: MnSymbol 2007/01/21 v1.4 support for the MnSymbol font

(/usr/share/texlive/texmf-dist/tex/latex/base/textcomp.sty
Package: textcomp 2005/09/27 v1.99g Standard LaTeX package
Package textcomp Info: Sub-encoding information:
(textcomp)               5 = only ISO-Adobe without \textcurrency
(textcomp)               4 = 5 + \texteuro
(textcomp)               3 = 4 + \textohm
(textcomp)               2 = 3 + \textestimated + \textcurrency
(textcomp)               1 = TS1 - \textcircled - \t
(textcomp)               0 = TS1 (full)
(textcomp)             Font families with sub-encoding setting implement
(textcomp)             only a restricted character set as indicated.
(textcomp)             Family '?' is the default used for unknown fonts.
(textcomp)             See the documentation for details.
Package textcomp Info: Setting ? sub-encoding to TS1/1 on input line 71.

(/usr/share/texlive/texmf-dist/tex/latex/base/ts1enc.def
File: ts1enc.def 2001/06/05 v3.0e (jk/car/fm) Standard LaTeX file
)
LaTeX Info: Redefining \oldstylenums on input line 266.
Package textcomp Info: Setting cmr sub-encoding to TS1/0 on input line 281.
Package textcomp Info: Setting cmss sub-encoding to TS1/0 on input line 282.
Package textcomp Info: Setting cmtt sub-encoding to TS1/0 on input line 283.
Package textcomp Info: Setting cmvtt sub-encoding to TS1/0 on input line 284.
Package textcomp Info: Setting cmbr sub-encoding to TS1/0 on input line 285.
Package textcomp Info: Setting cmtl sub-encoding to TS1/0 on input line 286.
Package textcomp Info: Setting ccr sub-encoding to TS1/0 on input line 287.
Package textcomp Info: Setting ptm sub-encoding to TS1/4 on input line 288.
Package textcomp Info: Setting pcr sub-encoding to TS1/4 on input line 289.
Package textcomp Info: Setting phv sub-encoding to TS1/4 on input line 290.
Package textcomp Info: Setting ppl sub-encoding to TS1/3 on input line 291.
Package textcomp Info: Setting pag sub-encoding to TS1/4 on input line 292.
Package textcomp Info: Setting pbk sub-encoding to TS1/4 on input line 293.
Package textcomp Info: Setting pnc sub-encoding to TS1/4 on input line 294.
Package textcomp Info: Setting pzc sub-encoding to TS1/4 on input line 295.
Package textcomp Info: Setting bch sub-encoding to TS1/4 on input line 296.
Package textcomp Info: Setting put sub-encoding to TS1/5 on input line 297.
Package textcomp Info: Setting uag sub-encoding to TS1/5 on input line 298.
Package textcomp Info: Setting ugq sub-encoding to TS1/5 on input line 299.
Package textcomp Info: Setting ul8 sub-encoding to TS1/4 on input line 300.
Package textcomp Info: Setting ul9 sub-encoding to TS1/4 on input line 301.
Package textcomp Info: Setting augie sub-encoding to TS1/5 on input line 302.
Package textcomp Info: Setting dayrom sub-encoding to TS1/3 on input line 303.
Package textcomp Info: Setting dayroms sub-encoding to TS1/3 on input line 304.

Package textcomp Info: Setting pxr sub-encoding to TS1/0 on input line 305.
Package textcomp Info: Setting pxss sub-encoding to TS1/0 on input line 306.
Package textcomp Info: Setting pxtt sub-encoding to TS1/0 on input line 307.
Package textcomp Info: Setting txr sub-encoding to TS1/0 on input line 308.
Package textcomp Info: Setting txss sub-encoding to TS1/0 on input line 309.
Package textcomp Info: Setting txtt sub-encoding to TS1/0 on input line 310.
Package textcomp Info: Setting lmr sub-encoding to TS1/0 on input line 311.
Package textcomp Info: Setting lmdh sub-encoding to TS1/0 on input line 312.
Package textcomp Info: Setting lmss sub-encoding to TS1/0 on input line 313.
Package textcomp Info: Setting lmssq sub-encoding to TS1/0 on input line 314.
Package textcomp Info: Setting lmvtt sub-encoding to TS1/0 on input line 315.
Package textcomp Info: Setting qhv sub-encoding to TS1/0 on input line 316.
Package textcomp Info: Setting qag sub-encoding to TS1/0 on input line 317.
Package textcomp Info: Setting qbk sub-encoding to TS1/0 on input line 318.
Package textcomp Info: Setting qcr sub-encoding to TS1/0 on input line 319.
Package textcomp Info: Setting qcs sub-encoding to TS1/0 on input line 320.
Package textcomp Info: Setting qpl sub-encoding to TS1/0 on input line 321.
Package textcomp Info: Setting qtm sub-encoding to TS1/0 on input line 322.
Package textcomp Info: Setting qzc sub-encoding to TS1/0 on input line 323.
Package textcomp Info: Setting qhvc sub-encoding to TS1/0 on input line 324.
Package textcomp Info: Setting futs sub-encoding to TS1/4 on input line 325.
Package textcomp Info: Setting futx sub-encoding to TS1/4 on input line 326.
Package textcomp Info: Setting futj sub-encoding to TS1/4 on input line 327.
Package textcomp Info: Setting hlh sub-encoding to TS1/3 on input line 328.
Package textcomp Info: Setting hls sub-encoding to TS1/3 on input line 329.
Package textcomp Info: Setting hlst sub-encoding to TS1/3 on input line 330.
Package textcomp Info: Setting hlct sub-encoding to TS1/5 on input line 331.
Package textcomp Info: Setting hlx sub-encoding to TS1/5 on input line 332.
Package textcomp Info: Setting hlce sub-encoding to TS1/5 on input line 333.
Package textcomp Info: Setting hlcn sub-encoding to TS1/5 on input line 334.
Package textcomp Info: Setting hlcw sub-encoding to TS1/5 on input line 335.
Package textcomp Info: Setting hlcf sub-encoding to TS1/5 on input line 336.
Package textcomp Info: Setting pplx sub-encoding to TS1/3 on input line 337.
Package textcomp Info: Setting pplj sub-encoding to TS1/3 on input line 338.
Package textcomp Info: Setting ptmx sub-encoding to TS1/4 on input line 339.
Package textcomp Info: Setting ptmj sub-encoding to TS1/4 on input line 340.
)
LaTeX Info: Redefining \dagger on input line 84.
LaTeX Info: Redefining \ddagger on input line 84.
LaTeX Info: Redefining \mathparagraph on input line 84.
LaTeX Info: Redefining \mathsection on input line 84.
LaTeX Info: Redefining \mathdollar on input line 84.
LaTeX Info: Redefining \mathsterling on input line 84.
LaTeX Info: Redefining \yen on input line 84.
LaTeX Info: Redefining \circledR on input line 84.
LaTeX Info: Redefining \circledS on input line 84.
LaTeX Info: Redefining \Re on input line 84.
LaTeX Info: Redefining \Im on input line 84.
LaTeX Info: Redefining \dotplus on input line 84.
LaTeX Info: Redefining \thicksim on input line 84.
LaTeX Info: Redefining \thickapprox on input line 84.
LaTeX Info: Redefining \veebar on input line 84.
LaTeX Info: Redefining \barwedge on input line 84.
LaTeX Info: Redefining \doublebarwedge on input line 84.
LaTeX Info: Redefining \centerdot on input line 84.
LaTeX Info: Redefining \divideontimes on input line 84.
\symMnSyA=\mathgroup8
\symMnSyB=\mathgroup9
\symMnSyC=\mathgroup10
\symMnSyD=\mathgroup11
LaTeX Font Info:    Redeclaring symbol font `largesymbols' on input line 119.
LaTeX Font Info:    Overwriting symbol font `largesymbols' in version `normal'
(Font)                  OMX/cmex/m/n --> OMX/MnSymbolE/m/n on input line 119.
LaTeX Font Info:    Overwriting symbol font `largesymbols' in version `bold'
(Font)                  OMX/cmex/m/n --> OMX/MnSymbolE/m/n on input line 119.
LaTeX Font Info:    Redeclaring symbol font `symbols' on input line 120.
LaTeX Font Info:    Encoding `OMS' has changed to `U' for symbol font
(Font)              `symbols' in the math version `normal' on input line 120.
LaTeX Font Info:    Overwriting symbol font `symbols' in version `normal'
(Font)                  OMS/cmsy/m/n --> U/MnSymbolF/m/n on input line 120.
LaTeX Font Info:    Encoding `OMS' has changed to `U' for symbol font
(Font)              `symbols' in the math version `bold' on input line 120.
LaTeX Font Info:    Overwriting symbol font `symbols' in version `bold'
(Font)                  OMS/cmsy/b/n --> U/MnSymbolF/m/n on input line 120.
LaTeX Font Info:    Overwriting symbol font `MnSyA' in version `bold'
(Font)                  U/MnSymbolA/m/n --> U/MnSymbolA/b/n on input line 121.
LaTeX Font Info:    Overwriting symbol font `MnSyB' in version `bold'
(Font)                  U/MnSymbolB/m/n --> U/MnSymbolB/b/n on input line 122.
LaTeX Font Info:    Overwriting symbol font `MnSyC' in version `bold'
(Font)                  U/MnSymbolC/m/n --> U/MnSymbolC/b/n on input line 123.
LaTeX Font Info:    Overwriting symbol font `MnSyD' in version `bold'
(Font)                  U/MnSymbolD/m/n --> U/MnSymbolD/b/n on input line 124.
LaTeX Font Info:    Overwriting symbol font `largesymbols' in version `bold'
(Font)                  OMX/MnSymbolE/m/n --> OMX/MnSymbolE/b/n on input line 1
25.
LaTeX Font Info:    Overwriting symbol font `symbols' in version `bold'
(Font)                  U/MnSymbolF/m/n --> U/MnSymbolF/b/n on input line 126.
LaTeX Font Info:    Redeclaring math alphabet \mathcal on input line 241.
LaTeX Font Info:    Overwriting math alphabet `\mathcal' in version `bold'
(Font)                  OMS/MnSymbolS/m/n --> OMS/MnSymbolS/b/n on input line 2
41.
LaTeX Info: Redefining \longrightarrow on input line 548.
LaTeX Info: Redefining \longleftarrow on input line 549.
LaTeX Info: Redefining \longleftrightarrow on input line 550.
LaTeX Info: Redefining \Longrightarrow on input line 551.
LaTeX Info: Redefining \Longleftarrow on input line 552.
LaTeX Info: Redefining \Longleftrightarrow on input line 553.
LaTeX Info: Redefining \longmapsto on input line 554.
LaTeX Info: Redefining \vdots on input line 868.
LaTeX Font Info:    Redeclaring math symbol \braceld on input line 1721.
LaTeX Font Info:    Redeclaring math symbol \bracelu on input line 1722.
LaTeX Font Info:    Redeclaring math symbol \bracerd on input line 1723.
LaTeX Font Info:    Redeclaring math symbol \braceru on input line 1724.
LaTeX Info: Redefining \downbracefill on input line 1799.
LaTeX Info: Redefining \upbracefill on input line 1800.
LaTeX Info: Redefining \overbrace on input line 1819.
LaTeX Info: Redefining \underbrace on input line 1820.
LaTeX Info: Redefining \surd on input line 1843.
LaTeX Font Info:    Redeclaring math accent \widehat on input line 1845.
LaTeX Font Info:    Redeclaring math accent \widetilde on input line 1846.
LaTeX Font Info:    Redeclaring math accent \vec on input line 1848.
)
(/usr/share/texlive/texmf-dist/tex/latex/tools/array.sty
Package: array 2008/09/09 v2.4c Tabular extension package (FMi)
\col@sep=\dimen147
\extrarowheight=\dimen148
\NC@list=\toks34
\extratabsurround=\skip53
\backup@length=\skip54
)
(/usr/share/texlive/texmf-dist/tex/latex/archaic/linearb.sty
Package: linearb 2005/06/22 v1.2 package for Linear B font
)
(/usr/share/texlive/texmf-dist/tex/latex/titlesec/titlesec.sty
Package: titlesec 2011/12/15 v2.10.0 Sectioning titles
\ttl@box=\box62
\beforetitleunit=\skip55
\aftertitleunit=\skip56
\ttl@plus=\dimen149
\ttl@minus=\dimen150
\ttl@toksa=\toks35
\titlewidth=\dimen151
\titlewidthlast=\dimen152
\titlewidthfirst=\dimen153
)
(/usr/share/texlive/texmf-dist/tex/latex/hyperref/hyperref.sty
Package: hyperref 2012/05/13 v6.82q Hypertext links for LaTeX

(/usr/share/texlive/texmf-dist/tex/generic/oberdiek/hobsub-hyperref.sty
Package: hobsub-hyperref 2012/05/28 v1.13 Bundle oberdiek, subset hyperref (HO)


(/usr/share/texlive/texmf-dist/tex/generic/oberdiek/hobsub-generic.sty
Package: hobsub-generic 2012/05/28 v1.13 Bundle oberdiek, subset generic (HO)
Package: hobsub 2012/05/28 v1.13 Construct package bundles (HO)
Package hobsub Info: Skipping package `infwarerr' (already loaded).
Package hobsub Info: Skipping package `ltxcmds' (already loaded).
Package: ifluatex 2010/03/01 v1.3 Provides the ifluatex switch (HO)
Package ifluatex Info: LuaTeX not detected.
Package: ifvtex 2010/03/01 v1.5 Detect VTeX and its facilities (HO)
Package ifvtex Info: VTeX not detected.
Package: intcalc 2007/09/27 v1.1 Expandable calculations with integers (HO)
Package: ifpdf 2011/01/30 v2.3 Provides the ifpdf switch (HO)
Package ifpdf Info: pdfTeX in PDF mode is detected.
Package: etexcmds 2011/02/16 v1.5 Avoid name clashes with e-TeX commands (HO)
Package etexcmds Info: Could not find \expanded.
(etexcmds)             That can mean that you are not using pdfTeX 1.50 or
(etexcmds)             that some package has redefined \expanded.
(etexcmds)             In the latter case, load this package earlier.
Package: kvsetkeys 2012/04/25 v1.16 Key value parser (HO)
Package: kvdefinekeys 2011/04/07 v1.3 Define keys (HO)
Package: pdftexcmds 2011/11/29 v0.20 Utility functions of pdfTeX for LuaTeX (HO
)
Package pdftexcmds Info: LuaTeX not detected.
Package pdftexcmds Info: \pdf@primitive is available.
Package pdftexcmds Info: \pdf@ifprimitive is available.
Package pdftexcmds Info: \pdfdraftmode found.
Package: pdfescape 2011/11/25 v1.13 Implements pdfTeX's escape features (HO)
Package: bigintcalc 2012/04/08 v1.3 Expandable calculations on big integers (HO
)
Package: bitset 2011/01/30 v1.1 Handle bit-vector datatype (HO)
Package: uniquecounter 2011/01/30 v1.2 Provide unlimited unique counter (HO)
)
Package hobsub Info: Skipping package `hobsub' (already loaded).
Package: letltxmacro 2010/09/02 v1.4 Let assignment for LaTeX macros (HO)
Package: hopatch 2012/05/28 v1.2 Wrapper for package hooks (HO)
Package: xcolor-patch 2011/01/30 xcolor patch
Package: atveryend 2011/06/30 v1.8 Hooks at the very end of document (HO)
Package atveryend Info: \enddocument detected (standard20110627).
Package: atbegshi 2011/10/05 v1.16 At begin shipout hook (HO)
Package: refcount 2011/10/16 v3.4 Data extraction from label references (HO)
Package: hycolor 2011/01/30 v1.7 Color options for hyperref/bookmark (HO)
)
(/usr/share/texlive/texmf-dist/tex/generic/ifxetex/ifxetex.sty
Package: ifxetex 2010/09/12 v0.6 Provides ifxetex conditional
)
(/usr/share/texlive/texmf-dist/tex/latex/oberdiek/kvoptions.sty
Package: kvoptions 2011/06/30 v3.11 Key value format for package options (HO)
)
\@linkdim=\dimen154
\Hy@linkcounter=\count139
\Hy@pagecounter=\count140

(/usr/share/texlive/texmf-dist/tex/latex/hyperref/pd1enc.def
File: pd1enc.def 2012/05/13 v6.82q Hyperref: PDFDocEncoding definition (HO)
)
\Hy@SavedSpaceFactor=\count141

(/usr/share/texlive/texmf-dist/tex/latex/latexconfig/hyperref.cfg
File: hyperref.cfg 2002/06/06 v1.2 hyperref configuration of TeXLive
)
Package hyperref Info: Hyper figures OFF on input line 4062.
Package hyperref Info: Link nesting OFF on input line 4067.
Package hyperref Info: Hyper index ON on input line 4070.
Package hyperref Info: Plain pages OFF on input line 4077.
Package hyperref Info: Backreferencing OFF on input line 4082.
Package hyperref Info: Implicit mode ON; LaTeX internals redefined.
Package hyperref Info: Bookmarks ON on input line 4300.
\c@Hy@tempcnt=\count142

(/usr/share/texlive/texmf-dist/tex/latex/url/url.sty
\Urlmuskip=\muskip11
Package: url 2006/04/12  ver 3.3  Verb mode for urls, etc.
)
LaTeX Info: Redefining \url on input line 4653.
\Fld@menulength=\count143
\Field@Width=\dimen155
\Fld@charsize=\dimen156
Package hyperref Info: Hyper figures OFF on input line 5773.
Package hyperref Info: Link nesting OFF on input line 5778.
Package hyperref Info: Hyper index ON on input line 5781.
Package hyperref Info: backreferencing OFF on input line 5788.
Package hyperref Info: Link coloring OFF on input line 5793.
Package hyperref Info: Link coloring with OCG OFF on input line 5798.
Package hyperref Info: PDF/A mode OFF on input line 5803.
LaTeX Info: Redefining \ref on input line 5843.
LaTeX Info: Redefining \pageref on input line 5847.
\Hy@abspage=\count144
\c@Item=\count145
\c@Hfootnote=\count146
)

Package hyperref Message: Driver (autodetected): hpdftex.

(/usr/share/texlive/texmf-dist/tex/latex/hyperref/hpdftex.def
File: hpdftex.def 2012/05/13 v6.82q Hyperref driver for pdfTeX
\Fld@listcount=\count147
\c@bookmark@seq@number=\count148

(/usr/share/texlive/texmf-dist/tex/latex/oberdiek/rerunfilecheck.sty
Package: rerunfilecheck 2011/04/15 v1.7 Rerun checks for auxiliary files (HO)
Package uniquecounter Info: New unique counter `rerunfilecheck' on input line 2
82.
)
\Hy@SectionHShift=\skip57
)
No file lag.aux.
\openout1 = `lag.aux'.

LaTeX Font Info:    Checking defaults for OML/cmm/m/it on input line 56.
LaTeX Font Info:    ... okay on input line 56.
LaTeX Font Info:    Checking defaults for T1/cmr/m/n on input line 56.
LaTeX Font Info:    ... okay on input line 56.
LaTeX Font Info:    Checking defaults for OT1/cmr/m/n on input line 56.
LaTeX Font Info:    ... okay on input line 56.
LaTeX Font Info:    Checking defaults for OMS/cmsy/m/n on input line 56.
LaTeX Font Info:    ... okay on input line 56.
LaTeX Font Info:    Checking defaults for OMX/cmex/m/n on input line 56.
LaTeX Font Info:    ... okay on input line 56.
LaTeX Font Info:    Checking defaults for U/cmr/m/n on input line 56.
LaTeX Font Info:    ... okay on input line 56.
LaTeX Font Info:    Checking defaults for TS1/cmr/m/n on input line 56.
LaTeX Font Info:    Try loading font information for TS1+cmr on input line 56.
(/usr/share/texlive/texmf-dist/tex/latex/base/ts1cmr.fd
File: ts1cmr.fd 1999/05/25 v2.5h Standard LaTeX font definitions
)
LaTeX Font Info:    ... okay on input line 56.
LaTeX Font Info:    Checking defaults for PD1/pdf/m/n on input line 56.
LaTeX Font Info:    ... okay on input line 56.

(/usr/share/texlive/texmf-dist/tex/latex/ucs/ucsencs.def
File: ucsencs.def 2011/01/21 Fixes to fontencodings LGR, T3
)
(/usr/share/texlive/texmf-dist/tex/context/base/supp-pdf.mkii
[Loading MPS to PDF converter (version 2006.09.02).]
\scratchcounter=\count149
\scratchdimen=\dimen157
\scratchbox=\box63
\nofMPsegments=\count150
\nofMParguments=\count151
\everyMPshowfont=\toks36
\MPscratchCnt=\count152
\MPscratchDim=\dimen158
\MPnumerator=\count153
\makeMPintoPDFobject=\count154
\everyMPtoPDFconversion=\toks37
) (/usr/share/texlive/texmf-dist/tex/latex/oberdiek/epstopdf-base.sty
Package: epstopdf-base 2010/02/09 v2.5 Base part for package epstopdf

(/usr/share/texlive/texmf-dist/tex/latex/oberdiek/grfext.sty
Package: grfext 2010/08/19 v1.1 Manage graphics extensions (HO)
)
Package grfext Info: Graphics extension search list:
(grfext)             [.png,.pdf,.jpg,.mps,.jpeg,.jbig2,.jb2,.PNG,.PDF,.JPG,.JPE
G,.JBIG2,.JB2,.eps]
(grfext)             \AppendGraphicsExtensions on input line 452.

(/usr/share/texlive/texmf-dist/tex/latex/latexconfig/epstopdf-sys.cfg
File: epstopdf-sys.cfg 2010/07/13 v1.3 Configuration of (r)epstopdf for TeX Liv
e
))
\AtBeginShipoutBox=\box64
Package hyperref Info: Link coloring OFF on input line 56.

(/usr/share/texlive/texmf-dist/tex/latex/hyperref/nameref.sty
Package: nameref 2010/04/30 v2.40 Cross-referencing by name of section

(/usr/share/texlive/texmf-dist/tex/generic/oberdiek/gettitlestring.sty
Package: gettitlestring 2010/12/03 v1.4 Cleanup title references (HO)
)
\c@section@level=\count155
)
LaTeX Info: Redefining \ref on input line 56.
LaTeX Info: Redefining \pageref on input line 56.
LaTeX Info: Redefining \nameref on input line 56.
\@outlinefile=\write3
\openout3 = `lag.out'.


(./front/title.tex
LaTeX Font Info:    Try loading font information for U+msa on input line 6.
 (/usr/share/texlive/texmf-dist/tex/latex/amsfonts/umsa.fd
File: umsa.fd 2009/06/22 v3.00 AMS symbols A
)
LaTeX Font Info:    Try loading font information for U+msb on input line 6.

(/usr/share/texlive/texmf-dist/tex/latex/amsfonts/umsb.fd
File: umsb.fd 2009/06/22 v3.00 AMS symbols B
)
LaTeX Font Info:    Try loading font information for U+lasy on input line 6.

(/usr/share/texlive/texmf-dist/tex/latex/base/ulasy.fd
File: ulasy.fd 1998/08/17 v2.2e LaTeX symbol font definitions
)
LaTeX Font Info:    Try loading font information for U+stmry on input line 6.

(/usr/share/texlive/texmf-dist/tex/latex/stmaryrd/Ustmry.fd)
<front/pics/Logo.jpg, id=4, 986.68625pt x 670.505pt>
File: front/pics/Logo.jpg Graphic file (type jpg)
 <use front/pics/Logo.jpg>
Package pdftex.def Info: front/pics/Logo.jpg used on input line 8.
(pdftex.def)             Requested size: 197.33376pt x 134.09862pt.

Overfull \hbox (97.5138pt too wide) in paragraph at lines 16--16
[]\T1/cmr/m/n/12 http://www.mathematik.uni-mainz.de/Members/dhanke/linearealgeb
rai2012/lineare-
 []


Underfull \hbox (badness 10000) in paragraph at lines 16--16

 []

[1
Non-PDF special ignored!
Non-PDF special ignored!
Non-PDF special ignored!
Non-PDF special ignored!


Non-PDF special ignored!
Non-PDF special ignored!


{/var/lib/texmf/fonts/map/pdftex/updmap/pdftex.map} <./front/pics/Logo.jpg>]) [
2


] (./frontmatter/preface.tex
(/usr/share/texlive/texmf-dist/tex/latex/ucs/data/uni-0.def
File: uni-0.def 2012/04/20 UCS: Unicode data U+0000..U+00FF
)
Underfull \hbox (badness 10000) in paragraph at lines 1--10

 []


Underfull \hbox (badness 10000) in paragraph at lines 1--10

 []


Underfull \hbox (badness 10000) in paragraph at lines 1--10

 []


Underfull \hbox (badness 10000) in paragraph at lines 1--10

 []

) (./frontmatter/table_of_contents.tex [1] [2


]
LaTeX Font Info:    Try loading font information for T1+cmss on input line 2.

(/usr/share/texlive/texmf-dist/tex/latex/base/t1cmss.fd
File: t1cmss.fd 1999/05/25 v2.5h Standard LaTeX font definitions
)
\tf@toc=\write4
\openout4 = `lag.toc'.

) [3] [4


]
(./mainmatter/chapter_0.tex
Kapitel 0.

Class scrbook Warning: \float@addtolists detected!
(scrbook)              You should use the features of package `tocbasic'
(scrbook)              instead of \float@addtolists.
(scrbook)              Support for \float@addtolists may be removed from
(scrbook)              `scrbook' soon .

(./mainmatter/chapter0/aussagen.tex
Overfull \hbox (9.53474pt too wide) in paragraph at lines 3--13
 [] 
 []

pdfTeX warning (ext4): destination with the same identifier (name{page.1}) has 
been already used, duplicate ignored
<to be read again> 
                   \relax 
l.64 \end{multicols}
                     [1


]) (./mainmatter/chapter0/mengen.tex
Underfull \hbox (badness 10000) in paragraph at lines 65--1

 []


Underfull \hbox (badness 10000) in paragraph at lines 3--4

 []

<mainmatter/chapter0/pics/menge.png, id=64, 578.16pt x 495.8525pt>
File: mainmatter/chapter0/pics/menge.png Graphic file (type png)

<use mainmatter/chapter0/pics/menge.png>
Package pdftex.def Info: mainmatter/chapter0/pics/menge.png used on input line 
7.
(pdftex.def)             Requested size: 113.80379pt x 85.35306pt.

Underfull \hbox (badness 10000) in paragraph at lines 35--46

 []

pdfTeX warning (ext4): destination with the same identifier (name{page.2}) has 
been already used, duplicate ignored
<to be read again> 
                   \relax 
l.50 	\item[Durchschnitt: ]
                            $A\cap B = \{x|x\in A \wedge x \in B\}$ wenn $A\...
[2 <./mainmatter/chapter0/pics/menge.png>]
Overfull \hbox (35.60158pt too wide) in paragraph at lines 58--60
[]\T1/cmr/m/n/10 Beispiel: $\OML/cmm/m/it/10 A \U/MnSymbolD/m/n/10 ^^@ \OMX/MnS
ymbolE/m/n/10 ò\OT1/cmr/m/n/10 1\OML/cmm/m/it/10 ; \OT1/cmr/m/n/10 2\OML/cmm/m/
it/10 ; \OT1/cmr/m/n/10 3\OMX/MnSymbolE/m/n/10 ù \OML/cmm/m/it/10 P\OMX/MnSymbo
lE/m/n/10 à\OML/cmm/m/it/10 A\OMX/MnSymbolE/m/n/10 ç \U/MnSymbolD/m/n/10 ^^@ \O
MX/MnSymbolE/m/n/10 ò\U/MnSymbolC/m/n/10 g\OML/cmm/m/it/10 ; \OMX/MnSymbolE/m/n
/10 ò\OT1/cmr/m/n/10 1\OMX/MnSymbolE/m/n/10 ù\OML/cmm/m/it/10 ; \OMX/MnSymbolE/
m/n/10 ò\OT1/cmr/m/n/10 2\OMX/MnSymbolE/m/n/10 ù\OML/cmm/m/it/10 ; \OMX/MnSymbo
lE/m/n/10 ò\OT1/cmr/m/n/10 3\OMX/MnSymbolE/m/n/10 ù\OML/cmm/m/it/10 ; \OMX/MnSy
mbolE/m/n/10 ò\OT1/cmr/m/n/10 1\OML/cmm/m/it/10 ; \OT1/cmr/m/n/10 2\OMX/MnSymbo
lE/m/n/10 ù\OML/cmm/m/it/10 ; \OMX/MnSymbolE/m/n/10 ò\OT1/cmr/m/n/10 2\OML/cmm/
m/it/10 ; \OT1/cmr/m/n/10 3\OMX/MnSymbolE/m/n/10 ù\OML/cmm/m/it/10 ; \OMX/MnSym
bolE/m/n/10 ò\OT1/cmr/m/n/10 1\OML/cmm/m/it/10 ; \OT1/cmr/m/n/10 3\OMX/MnSymbol
E/m/n/10 ù\OML/cmm/m/it/10 ; \OMX/MnSymbolE/m/n/10 ò\OT1/cmr/m/n/10 1\OML/cmm/m
/it/10 ; \OT1/cmr/m/n/10 2\OML/cmm/m/it/10 ; \OT1/cmr/m/n/10 3\OMX/MnSymbolE/m/
n/10 ùù$ 
 []

<mainmatter/chapter0/pics/durchschnitt.png, id=88, 1313.90875pt x 1128.215pt>
File: mainmatter/chapter0/pics/durchschnitt.png Graphic file (type png)

<use mainmatter/chapter0/pics/durchschnitt.png>
Package pdftex.def Info: mainmatter/chapter0/pics/durchschnitt.png used on inpu
t line 67.
(pdftex.def)             Requested size: 170.71388pt x 170.70544pt.

Underfull \hbox (badness 10000) in paragraph at lines 74--75

 []


Underfull \hbox (badness 10000) in paragraph at lines 76--77

 []

[3 <./mainmatter/chapter0/pics/durchschnitt.png>]
<mainmatter/chapter0/pics/graphenkreis.png, id=104, 813.0375pt x 697.60625pt>
File: mainmatter/chapter0/pics/graphenkreis.png Graphic file (type png)

<use mainmatter/chapter0/pics/graphenkreis.png>
Package pdftex.def Info: mainmatter/chapter0/pics/graphenkreis.png used on inpu
t line 100.
(pdftex.def)             Requested size: 142.25888pt x 113.80142pt.

Underfull \hbox (badness 10000) in paragraph at lines 95--102

 []


Underfull \hbox (badness 10000) in paragraph at lines 103--109

 []


Underfull \hbox (badness 10000) in paragraph at lines 103--109

 []

<mainmatter/chapter0/pics/abbildungen.jpg, id=105, 603.25375pt x 442.65375pt>
File: mainmatter/chapter0/pics/abbildungen.jpg Graphic file (type jpg)

<use mainmatter/chapter0/pics/abbildungen.jpg>
Package pdftex.def Info: mainmatter/chapter0/pics/abbildungen.jpg used on input
 line 137.
(pdftex.def)             Requested size: 341.42812pt x 184.94742pt.
) [4 <./mainmatter/chapter0/pics/graphenkreis.png>]) (./mainmatter/chapter_1.te
x [5 <./mainmatter/chapter0/pics/abbildungen.jpg>] [6


]
Kapitel 1.

Package hyperref Warning: Token not allowed in a PDF string (PDFDocEncoding):
(hyperref)                removing `math shift' on input line 1.


Package hyperref Warning: Token not allowed in a PDF string (PDFDocEncoding):
(hyperref)                removing `superscript' on input line 1.


Package hyperref Warning: Token not allowed in a PDF string (PDFDocEncoding):
(hyperref)                removing `math shift' on input line 1.

(./mainmatter/chapter1/raumr2.tex
<mainmatter/chapter1/pics/vektor.png, id=130, 435.6275pt x 273.02pt>
File: mainmatter/chapter1/pics/vektor.png Graphic file (type png)

<use mainmatter/chapter1/pics/vektor.png>
Package pdftex.def Info: mainmatter/chapter1/pics/vektor.png used on input line
 9.
(pdftex.def)             Requested size: 85.35582pt x 42.67593pt.

Underfull \hbox (badness 10000) in paragraph at lines 5--11

 []


Underfull \hbox (badness 10000) in paragraph at lines 15--21

 []


Overfull \hbox (7.79012pt too wide) in paragraph at lines 32--35
[]\T1/cmr/m/n/10 ein Paar von Vek-to-ren $\OMS/MnSymbolS/m/n/10 B \U/MnSymbolD/
m/n/10 ^^@ \OMX/MnSymbolE/m/n/10 à\OML/cmm/m/it/10 a; b\OMX/MnSymbolE/m/n/10 ç$
 \T1/cmr/m/n/10 heiˇt Ba-sis von $\U/msb/m/n/10 R[]$\T1/cmr/m/n/10 , wenn es f¸
r $[]$ $\OML/cmm/m/it/10 c$ \T1/cmr/m/n/10 in $\U/msb/m/n/10 R[]$ \T1/cmr/m/n/1
0 ge-nau $[]$
 []


Underfull \hbox (badness 10000) in paragraph at lines 32--35

 []

<mainmatter/chapter1/pics/mehrvektoren.png, id=131, 353.32pt x 252.945pt>
File: mainmatter/chapter1/pics/mehrvektoren.png Graphic file (type png)

<use mainmatter/chapter1/pics/mehrvektoren.png>
Package pdftex.def Info: mainmatter/chapter1/pics/mehrvektoren.png used on inpu
t line 39.
(pdftex.def)             Requested size: 142.26357pt x 113.8126pt.

Underfull \hbox (badness 10000) in paragraph at lines 36--41

 []

[7 <./mainmatter/chapter1/pics/vektor.png>])
(./mainmatter/chapter1/cramersche_regel.tex

LaTeX Warning: Command \glqq invalid in math mode on input line 7.


LaTeX Warning: Command \grqq invalid in math mode on input line 7.


LaTeX Warning: Command \glqq invalid in math mode on input line 8.


LaTeX Warning: Command \grqq invalid in math mode on input line 8.


Underfull \hbox (badness 10000) in paragraph at lines 7--33

 []


Underfull \hbox (badness 10000) in paragraph at lines 7--33

 []


Underfull \hbox (badness 10000) in paragraph at lines 7--33

 []

[8 <./mainmatter/chapter1/pics/mehrvektoren.png>])
(./mainmatter/chapter1/geraden.tex
<mainmatter/chapter1/pics/orthovek.png, id=159, 353.32pt x 241.90375pt>
File: mainmatter/chapter1/pics/orthovek.png Graphic file (type png)

<use mainmatter/chapter1/pics/orthovek.png>
Package pdftex.def Info: mainmatter/chapter1/pics/orthovek.png used on input li
ne 17.
(pdftex.def)             Requested size: 136.5746pt x 93.50787pt.

Underfull \hbox (badness 10000) in paragraph at lines 30--37

 []

[9 <./mainmatter/chapter1/pics/orthovek.png>]
<mainmatter/chapter1/pics/bsp12.png, id=175, 863.225pt x 836.12375pt>
File: mainmatter/chapter1/pics/bsp12.png Graphic file (type png)

<use mainmatter/chapter1/pics/bsp12.png>
Package pdftex.def Info: mainmatter/chapter1/pics/bsp12.png used on input line 
44.
(pdftex.def)             Requested size: 136.5746pt x 132.27705pt.
)
(./mainmatter/chapter1/lineare_abbilungen.tex
Underfull \hbox (badness 10000) in paragraph at lines 2--3

 []


Underfull \hbox (badness 10000) in paragraph at lines 4--5

 []


Underfull \hbox (badness 10000) in paragraph at lines 6--7

 []


Underfull \hbox (badness 10000) in paragraph at lines 8--9

 []

<mainmatter/chapter1/pics/matrixmult.png, id=176, 453.695pt x 294.09875pt>
File: mainmatter/chapter1/pics/matrixmult.png Graphic file (type png)

<use mainmatter/chapter1/pics/matrixmult.png>
Package pdftex.def Info: mainmatter/chapter1/pics/matrixmult.png used on input 
line 37.
(pdftex.def)             Requested size: 227.62204pt x 147.5516pt.

Overfull \hbox (19.6584pt too wide) in paragraph at lines 26--39
\OML/cmm/m/it/10 A \U/MnSymbolC/m/n/10 X \OML/cmm/m/it/10 B  [] \U/MnSymbolD/m/
n/10 ^^@ [] \U/MnSymbolC/m/n/10 ^^@ [] \U/MnSymbolD/m/n/10 ^^@ [] ^^@ []  []$ 
 []


Underfull \hbox (badness 10000) in paragraph at lines 26--39

 []


Underfull \hbox (badness 10000) in paragraph at lines 26--39

 []


Underfull \hbox (badness 10000) in paragraph at lines 26--39

 []


Underfull \hbox (badness 10000) in paragraph at lines 26--39

 []

[10 <./mainmatter/chapter1/pics/bsp12.png>]
Underfull \hbox (badness 10000) in paragraph at lines 40--49

 []


Underfull \hbox (badness 10000) in paragraph at lines 40--49

 []

) (./mainmatter/chapter1/inverse_matrix__basiswechsel.tex [11 <./mainmatter/cha
pter1/pics/matrixmult.png>]
Underfull \hbox (badness 10000) in paragraph at lines 2--6

 []


Underfull \hbox (badness 10000) in paragraph at lines 13--26

 []


Underfull \hbox (badness 10000) in paragraph at lines 27--33

 []

[12]
Underfull \hbox (badness 10000) in paragraph at lines 60--72

 []

[13] <mainmatter/chapter1/pics/grafik13.png, id=219, 287.0725pt x 266.9975pt>
File: mainmatter/chapter1/pics/grafik13.png Graphic file (type png)

<use mainmatter/chapter1/pics/grafik13.png>
Package pdftex.def Info: mainmatter/chapter1/pics/grafik13.png used on input li
ne 92.
(pdftex.def)             Requested size: 91.04742pt x 84.6791pt.
)
(./mainmatter/chapter1/satz_von_pythagoras_laenge_und_skalarprodukt.tex
<mainmatter/chapter1/pics/parallelogram.png, id=220, 471.7625pt x 376.40625pt>
File: mainmatter/chapter1/pics/parallelogram.png Graphic file (type png)

<use mainmatter/chapter1/pics/parallelogram.png>
Package pdftex.def Info: mainmatter/chapter1/pics/parallelogram.png used on inp
ut line 3.
(pdftex.def)             Requested size: 159.3382pt x 127.13213pt.

<mainmatter/chapter1/pics/pyth.png, id=221, 203.76125pt x 210.7875pt>
File: mainmatter/chapter1/pics/pyth.png Graphic file (type png)

<use mainmatter/chapter1/pics/pyth.png>
Package pdftex.def Info: mainmatter/chapter1/pics/pyth.png used on input line 1
1.
(pdftex.def)             Requested size: 68.28383pt x 70.63756pt.

Underfull \vbox (badness 10000) has occurred while \output is active []

 [14 <./mainmatter/chapter1/pics/grafik13.png> <./mainmatter/chapter1/pics/para
llelogram.png>]
<mainmatter/chapter1/pics/satzdesthales.png, id=234, 526.96875pt x 269.005pt>
File: mainmatter/chapter1/pics/satzdesthales.png Graphic file (type png)

<use mainmatter/chapter1/pics/satzdesthales.png>
Package pdftex.def Info: mainmatter/chapter1/pics/satzdesthales.png used on inp
ut line 66.
(pdftex.def)             Requested size: 227.62204pt x 116.19528pt.

Underfull \hbox (badness 10000) in paragraph at lines 66--67

 []

[15 <./mainmatter/chapter1/pics/pyth.png>]
<mainmatter/chapter1/pics/heohensatz.png, id=248, 513.92pt x 280.04625pt>
File: mainmatter/chapter1/pics/heohensatz.png Graphic file (type png)

<use mainmatter/chapter1/pics/heohensatz.png>
Package pdftex.def Info: mainmatter/chapter1/pics/heohensatz.png used on input 
line 91.
(pdftex.def)             Requested size: 136.5746pt x 74.42128pt.

Underfull \hbox (badness 10000) in paragraph at lines 98--108

 []

) (./mainmatter/chapter1/bewegungen.tex
Underfull \hbox (badness 10000) in paragraph at lines 115--1

 []

[16 <./mainmatter/chapter1/pics/satzdesthales.png> <./mainmatter/chapter1/pics/
heohensatz.png>]
<mainmatter/chapter1/pics/bewegung.png, id=262, 589.20125pt x 181.67876pt>
File: mainmatter/chapter1/pics/bewegung.png Graphic file (type png)

<use mainmatter/chapter1/pics/bewegung.png>
Package pdftex.def Info: mainmatter/chapter1/pics/bewegung.png used on input li
ne 15.
(pdftex.def)             Requested size: 341.43306pt x 105.27948pt.

Underfull \hbox (badness 10000) in paragraph at lines 19--38

 []

[17 <./mainmatter/chapter1/pics/bewegung.png>]
Underfull \hbox (badness 10000) in paragraph at lines 44--61

 []


Underfull \hbox (badness 10000) in paragraph at lines 62--74

 []

<mainmatter/chapter1/pics/bewegung2.png, id=273, 111.41624pt x 109.40875pt>
File: mainmatter/chapter1/pics/bewegung2.png Graphic file (type png)

<use mainmatter/chapter1/pics/bewegung2.png>
Package pdftex.def Info: mainmatter/chapter1/pics/bewegung2.png used on input l
ine 91.
(pdftex.def)             Requested size: 45.52718pt x 44.70761pt.

Underfull \hbox (badness 10000) in paragraph at lines 95--100

 []

[18 <./mainmatter/chapter1/pics/bewegung2.png>]
<mainmatter/chapter1/pics/bewegung3.png, id=288, 413.545pt x 415.5525pt>
File: mainmatter/chapter1/pics/bewegung3.png Graphic file (type png)

<use mainmatter/chapter1/pics/bewegung3.png>
Package pdftex.def Info: mainmatter/chapter1/pics/bewegung3.png used on input l
ine 107.
(pdftex.def)             Requested size: 136.5746pt x 137.24054pt.

Underfull \hbox (badness 10000) in paragraph at lines 101--108

 []

) (./mainmatter/chapter1/isometrie.tex
File: mainmatter/chapter1/pics/bewegung2.png Graphic file (type png)

<use mainmatter/chapter1/pics/bewegung2.png>
Package pdftex.def Info: mainmatter/chapter1/pics/bewegung2.png used on input l
ine 14.
(pdftex.def)             Requested size: 45.52718pt x 44.70761pt.

Underfull \hbox (badness 10000) in paragraph at lines 2--15

 []

[19 <./mainmatter/chapter1/pics/bewegung3.png>]

LaTeX Warning: Command \glqq invalid in math mode on input line 31.


LaTeX Warning: Command \grqq invalid in math mode on input line 31.


Underfull \hbox (badness 10000) in paragraph at lines 36--72

 []


Underfull \hbox (badness 10000) in paragraph at lines 36--72

 []


Underfull \hbox (badness 10000) in paragraph at lines 36--72

 []


Underfull \hbox (badness 10000) in paragraph at lines 36--72

 []


Underfull \hbox (badness 10000) in paragraph at lines 36--72

 []


Underfull \hbox (badness 10000) in paragraph at lines 36--72

 []

[20] <mainmatter/chapter1/pics/winkelsumme.png, id=308, 262.9825pt x 192.72pt>
File: mainmatter/chapter1/pics/winkelsumme.png Graphic file (type png)

<use mainmatter/chapter1/pics/winkelsumme.png>
Package pdftex.def Info: mainmatter/chapter1/pics/winkelsumme.png used on input
 line 75.
(pdftex.def)             Requested size: 91.04742pt x 66.72078pt.

Underfull \hbox (badness 10000) in paragraph at lines 83--106

 []

<mainmatter/chapter1/pics/winkeladd.png, id=309, 663.47874pt x 215.80624pt>
File: mainmatter/chapter1/pics/winkeladd.png Graphic file (type png)

<use mainmatter/chapter1/pics/winkeladd.png>
Package pdftex.def Info: mainmatter/chapter1/pics/winkeladd.png used on input l
ine 116.
(pdftex.def)             Requested size: 136.5746pt x 44.42168pt.

<mainmatter/chapter1/pics/para.png, id=310, 246.9225pt x 515.9275pt>
File: mainmatter/chapter1/pics/para.png Graphic file (type png)

<use mainmatter/chapter1/pics/para.png>
Package pdftex.def Info: mainmatter/chapter1/pics/para.png used on input line 1
24.
(pdftex.def)             Requested size: 45.52718pt x 95.12231pt.
 [21 <./mainmatter/chapter1/pics/winkelsumme.png> <./mainmatter/chapter1/pics/w
inkeladd.png>]
<mainmatter/chapter1/pics/gleichbeweis.png, id=321, 347.2975pt x 405.515pt>
File: mainmatter/chapter1/pics/gleichbeweis.png Graphic file (type png)

<use mainmatter/chapter1/pics/gleichbeweis.png>
Package pdftex.def Info: mainmatter/chapter1/pics/gleichbeweis.png used on inpu
t line 140.
(pdftex.def)             Requested size: 68.28383pt x 79.72789pt.

Underfull \hbox (badness 10000) in paragraph at lines 128--141

 []


Underfull \hbox (badness 10000) in paragraph at lines 128--141

 []


Underfull \hbox (badness 10000) in paragraph at lines 128--141

 []

) (./mainmatter/chapter1/trigonometrische_funktionen.tex
<mainmatter/chapter1/pics/trigo1.png, id=322, 253.94875pt x 208.78pt>
File: mainmatter/chapter1/pics/trigo1.png Graphic file (type png)

<use mainmatter/chapter1/pics/trigo1.png>
Package pdftex.def Info: mainmatter/chapter1/pics/trigo1.png used on input line
 10.
(pdftex.def)             Requested size: 68.28383pt x 56.13878pt.
 [22 <./mainmatter/chapter1/pics/para.png> <./mainmatter/chapter1/pics/gleichbe
weis.png>]
Underfull \hbox (badness 10000) in paragraph at lines 13--34

 []


Underfull \hbox (badness 10000) in paragraph at lines 13--34

 []


Underfull \hbox (badness 10000) in paragraph at lines 13--34

 []


Underfull \hbox (badness 10000) in paragraph at lines 41--46

 []

[23 <./mainmatter/chapter1/pics/trigo1.png>]
<mainmatter/chapter1/pics/trigo2.png, id=347, 230.8625pt x 163.61125pt>
File: mainmatter/chapter1/pics/trigo2.png Graphic file (type png)

<use mainmatter/chapter1/pics/trigo2.png>
Package pdftex.def Info: mainmatter/chapter1/pics/trigo2.png used on input line
 88.
(pdftex.def)             Requested size: 68.28383pt x 48.39221pt.

Underfull \hbox (badness 10000) in paragraph at lines 102--103

 []

<mainmatter/chapter1/pics/trigo3.png, id=348, 130.4875pt x 130.4875pt>
File: mainmatter/chapter1/pics/trigo3.png Graphic file (type png)

<use mainmatter/chapter1/pics/trigo3.png>
Package pdftex.def Info: mainmatter/chapter1/pics/trigo3.png used on input line
 114.
(pdftex.def)             Requested size: 68.2873pt x 68.28793pt.

Overfull \hbox (12.21924pt too wide) in paragraph at lines 104--117
[]$[]$ $[]$ 
 []

) (./mainmatter/chapter1/abstaende.tex
<mainmatter/chapter1/pics/gerade.png, id=349, 326.21875pt x 261.97874pt>
File: mainmatter/chapter1/pics/gerade.png Graphic file (type png)

<use mainmatter/chapter1/pics/gerade.png>
Package pdftex.def Info: mainmatter/chapter1/pics/gerade.png used on input line
 5.
(pdftex.def)             Requested size: 91.04742pt x 73.11769pt.
 [24 <./mainmatter/chapter1/pics/trigo2.png> <./mainmatter/chapter1/pics/trigo3
.png>]
<mainmatter/chapter1/pics/abstd1.png, id=369, 247.92625pt x 205.76875pt>
File: mainmatter/chapter1/pics/abstd1.png Graphic file (type png)

<use mainmatter/chapter1/pics/abstd1.png>
Package pdftex.def Info: mainmatter/chapter1/pics/abstd1.png used on input line
 41.
(pdftex.def)             Requested size: 68.28383pt x 56.67291pt.

<mainmatter/chapter1/pics/abstd2.png, id=370, 306.14375pt x 209.78375pt>
File: mainmatter/chapter1/pics/abstd2.png Graphic file (type png)

<use mainmatter/chapter1/pics/abstd2.png>
Package pdftex.def Info: mainmatter/chapter1/pics/abstd2.png used on input line
 64.
(pdftex.def)             Requested size: 68.28383pt x 46.78957pt.
 [25 <./mainmatter/chapter1/pics/gerade.png> <./mainmatter/chapter1/pics/abstd1
.png> <./mainmatter/chapter1/pics/abstd2.png>]) (./mainmatter/chapter1/euler_ge
rade_feuerbach_kreis.tex [26]
Underfull \hbox (badness 10000) in paragraph at lines 53--57

 []

<mainmatter/chapter1/pics/dreieck1.png, id=409, 486.81876pt x 341.275pt>
File: mainmatter/chapter1/pics/dreieck1.png Graphic file (type png)

<use mainmatter/chapter1/pics/dreieck1.png>
Package pdftex.def Info: mainmatter/chapter1/pics/dreieck1.png used on input li
ne 72.
(pdftex.def)             Requested size: 91.04742pt x 63.82747pt.
 [27 <./mainmatter/chapter1/pics/dreieck1.png>]
<mainmatter/chapter1/pics/dreieck2.png, id=429, 483.8075pt x 316.18124pt>
File: mainmatter/chapter1/pics/dreieck2.png Graphic file (type png)

<use mainmatter/chapter1/pics/dreieck2.png>
Package pdftex.def Info: mainmatter/chapter1/pics/dreieck2.png used on input li
ne 94.
(pdftex.def)             Requested size: 91.04742pt x 59.50093pt.

<mainmatter/chapter1/pics/feuerbachkreis.png, id=430, 2041.6275pt x 1318.9275pt
>
File: mainmatter/chapter1/pics/feuerbachkreis.png Graphic file (type png)
 <use mainmatter/chapter1/pics/feuerbachkreis.png>
Package pdftex.def Info: mainmatter/chapter1/pics/feuerbachkreis.png used on in
put line 99.
(pdftex.def)             Requested size: 204.85844pt x 132.3231pt.

Underfull \hbox (badness 10000) in paragraph at lines 103--108

 []


Underfull \hbox (badness 10000) in paragraph at lines 103--108

 []

)) (./mainmatter/chapter_2.tex [28 <./mainmatter/chapter1/pics/dreieck2.png> <.
/mainmatter/chapter1/pics/feuerbachkreis.png>]
Kapitel 2.

Package hyperref Warning: Token not allowed in a PDF string (PDFDocEncoding):
(hyperref)                removing `math shift' on input line 1.


Package hyperref Warning: Token not allowed in a PDF string (PDFDocEncoding):
(hyperref)                removing `superscript' on input line 1.


Package hyperref Warning: Token not allowed in a PDF string (PDFDocEncoding):
(hyperref)                removing `math shift' on input line 1.

(./mainmatter/chapter2/raumr3.tex
Underfull \hbox (badness 10000) in paragraph at lines 4--9

 []

) (./mainmatter/chapter2/paralellogramgesetz.tex
<mainmatter/chapter2/pics/para1.png, id=439, 417.56pt x 162.6075pt>
File: mainmatter/chapter2/pics/para1.png Graphic file (type png)

<use mainmatter/chapter2/pics/para1.png>
Package pdftex.def Info: mainmatter/chapter2/pics/para1.png used on input line 
4.
(pdftex.def)             Requested size: 204.85844pt x 79.77762pt.
 [29


])
(./mainmatter/chapter2/geraden_und_ebenen.tex
Underfull \hbox (badness 10000) in paragraph at lines 3--13

 []

)) (./mainmatter/chapter_3.tex [30 <./mainmatter/chapter2/pics/para1.png>]
Kapitel 3.
(./mainmatter/chapter3/vorlesung.tex
Underfull \hbox (badness 10000) in paragraph at lines 2--6

 []


Underfull \hbox (badness 10000) in paragraph at lines 51--57

 []


<mainmatter/chapter3/pics/gauszschezahlenebene.png, id=470, 204.765pt x 141.528
75pt>
File: mainmatter/chapter3/pics/gauszschezahlenebene.png Graphic file (type png)

 <use mainmatter/chapter3/pics/gauszschezahlenebene.png>
Package pdftex.def Info: mainmatter/chapter3/pics/gauszschezahlenebene.png used
 on input line 61.
(pdftex.def)             Requested size: 91.04742pt x 62.9315pt.
 [31


]
Underfull \hbox (badness 10000) in paragraph at lines 64--69

 []

<mainmatter/chapter3/pics/addition.png, id=492, 116.435pt x 70.2625pt>
File: mainmatter/chapter3/pics/addition.png Graphic file (type png)

<use mainmatter/chapter3/pics/addition.png>
Package pdftex.def Info: mainmatter/chapter3/pics/addition.png used on input li
ne 80.
(pdftex.def)             Requested size: 45.52718pt x 27.473pt.

<mainmatter/chapter3/pics/multiplikation.png, id=493, 384.43625pt x 132.495pt>
File: mainmatter/chapter3/pics/multiplikation.png Graphic file (type png)

<use mainmatter/chapter3/pics/multiplikation.png>
Package pdftex.def Info: mainmatter/chapter3/pics/multiplikation.png used on in
put line 89.
(pdftex.def)             Requested size: 136.5746pt x 47.07143pt.
 [32 <./mainmatter/chapter3/pics/gauszschezahlenebene.png> <./mainmatter/chapte
r3/pics/addition.png> <./mainmatter/chapter3/pics/multiplikation.png>]

LaTeX Warning: Command \" invalid in math mode on input line 131.

Missing character: There is no ¸ in font cmr10!
) (./mainmatter/chapter3/sondervorlesung.tex
Underfull \hbox (badness 10000) in paragraph at lines 11--26

 []


Underfull \hbox (badness 10000) in paragraph at lines 11--26

 []

[33]
Underfull \hbox (badness 10000) in paragraph at lines 61--77

 []


Underfull \hbox (badness 10000) in paragraph at lines 61--77

 []


Underfull \hbox (badness 10000) in paragraph at lines 61--77

 []


Underfull \hbox (badness 10000) in paragraph at lines 88--103

 []

[34] <mainmatter/chapter3/pics/komplexkoord.png, id=537, 481.8pt x 429.605pt>
File: mainmatter/chapter3/pics/komplexkoord.png Graphic file (type png)

<use mainmatter/chapter3/pics/komplexkoord.png>
Package pdftex.def Info: mainmatter/chapter3/pics/komplexkoord.png used on inpu
t line 112.
(pdftex.def)             Requested size: 227.62204pt x 202.96321pt.

Underfull \hbox (badness 10000) in paragraph at lines 107--116

 []


Underfull \hbox (badness 10000) in paragraph at lines 124--126

 []

[35 <./mainmatter/chapter3/pics/komplexkoord.png>]
<mainmatter/chapter3/pics/zrechnungen.png, id=551, 593.21625pt x 503.8825pt>
File: mainmatter/chapter3/pics/zrechnungen.png Graphic file (type png)

<use mainmatter/chapter3/pics/zrechnungen.png>
Package pdftex.def Info: mainmatter/chapter3/pics/zrechnungen.png used on input
 line 149.
(pdftex.def)             Requested size: 159.3382pt x 135.34274pt.

Underfull \hbox (badness 10000) in paragraph at lines 157--161

 []


Underfull \vbox (badness 1158) has occurred while \output is active []

 [36 <./mainmatter/chapter3/pics/zrechnungen.png>])) (./mainmatter/chapter_4.te
x [37]
[38


]
Kapitel 4.
(./mainmatter/chapter4/vektorraeume.tex [39]) (./mainmatter/chapter4/basen.tex
Underfull \hbox (badness 10000) in paragraph at lines 3--7

 []

[40]) (./mainmatter/chapter4/steinitz.tex)) [41] [42


]
(./backmatter/listoffigures.tex
\tf@lof=\write5
\openout5 = `lag.lof'.

)
Package atveryend Info: Empty hook `BeforeClearDocument' on input line 72.
 [43


]
Package atveryend Info: Empty hook `AfterLastShipout' on input line 72.
 (./lag.aux)
Package atveryend Info: Executing hook `AtVeryEndDocument' on input line 72.
Package atveryend Info: Executing hook `AtEndAfterFileList' on input line 72.


Package rerunfilecheck Warning: File `lag.out' has changed.
(rerunfilecheck)                Rerun to get outlines right
(rerunfilecheck)                or use package `bookmark'.

Package rerunfilecheck Info: Checksums for `lag.out':
(rerunfilecheck)             Before: <no file>
(rerunfilecheck)             After:  B6B0EA6D0E58AA81C74447434EAF745A;1512.
Package atveryend Info: Empty hook `AtVeryVeryEnd' on input line 72.
 ) 
Here is how much of TeX's memory you used:
 14067 strings out of 493485
 206161 string characters out of 3143526
 329143 words of memory out of 3000000
 16614 multiletter control sequences out of 15000+200000
 39713 words of font info for 125 fonts, out of 3000000 for 9000
 957 hyphenation exceptions out of 8191
 38i,17n,47p,834b,574s stack positions out of 5000i,500n,10000p,200000b,50000s
{/usr/share/texlive/texmf-dist/fonts/enc/dvips/mnsymbol/MnSymbolE.enc}{/usr/s
hare/texlive/texmf-dist/fonts/enc/dvips/mnsymbol/MnSymbolD.enc}{/usr/share/texl
ive/texmf-dist/fonts/enc/dvips/mnsymbol/MnSymbolC.enc}{/usr/share/texlive/texmf
-dist/fonts/enc/dvips/mnsymbol/MnSymbolA.enc}{/usr/share/texlive/texmf-dist/fon
ts/enc/dvips/mnsymbol/MnSymbolS.enc}{/usr/share/texmf/fonts/enc/dvips/cm-super/
cm-super-ts1.enc}{/usr/share/texmf/fonts/enc/dvips/cm-super/cm-super-t1.enc}{/u
sr/share/texlive/texmf-dist/fonts/enc/dvips/mnsymbol/MnSymbolF.enc}</usr/share/
texlive/texmf-dist/fonts/type1/public/mnsymbol/MnSymbol10.pfb></usr/share/texli
ve/texmf-dist/fonts/type1/public/mnsymbol/MnSymbol12.pfb></usr/share/texlive/te
xmf-dist/fonts/type1/public/mnsymbol/MnSymbol5.pfb></usr/share/texlive/texmf-di
st/fonts/type1/public/mnsymbol/MnSymbol7.pfb></usr/share/texlive/texmf-dist/fon
ts/type1/public/amsfonts/cm/cmmi10.pfb></usr/share/texlive/texmf-dist/fonts/typ
e1/public/amsfonts/cm/cmmi5.pfb></usr/share/texlive/texmf-dist/fonts/type1/publ
ic/amsfonts/cm/cmmi7.pfb></usr/share/texlive/texmf-dist/fonts/type1/public/amsf
onts/cm/cmr10.pfb></usr/share/texlive/texmf-dist/fonts/type1/public/amsfonts/cm
/cmr12.pfb></usr/share/texlive/texmf-dist/fonts/type1/public/amsfonts/cm/cmr5.p
fb></usr/share/texlive/texmf-dist/fonts/type1/public/amsfonts/cm/cmr7.pfb></usr
/share/texlive/texmf-dist/fonts/type1/public/amsfonts/symbols/msbm10.pfb></usr/
share/texmf/fonts/type1/public/cm-super/sfbx1200.pfb></usr/share/texmf/fonts/ty
pe1/public/cm-super/sfbx1440.pfb></usr/share/texmf/fonts/type1/public/cm-super/
sfrm0700.pfb></usr/share/texmf/fonts/type1/public/cm-super/sfrm0800.pfb></usr/s
hare/texmf/fonts/type1/public/cm-super/sfrm1000.pfb></usr/share/texmf/fonts/typ
e1/public/cm-super/sfrm1200.pfb></usr/share/texmf/fonts/type1/public/cm-super/s
frm1440.pfb></usr/share/texmf/fonts/type1/public/cm-super/sfsl1000.pfb></usr/sh
are/texmf/fonts/type1/public/cm-super/sfsx1000.pfb></usr/share/texmf/fonts/type
1/public/cm-super/sfsx1200.pfb></usr/share/texmf/fonts/type1/public/cm-super/sf
sx1440.pfb></usr/share/texmf/fonts/type1/public/cm-super/sfsx2074.pfb>
Output written on lag.pdf (49 pages, 2407795 bytes).
PDF statistics:
 818 PDF objects out of 1000 (max. 8388607)
 664 compressed objects within 7 object streams
 368 named destinations out of 1000 (max. 500000)
 186 words of extra memory for PDF output out of 10000 (max. 10000000)

